<?xml version="1.0" encoding="UTF-8"?>
<testsuite name="agh.ics.oop.AnimalTest" tests="1" skipped="0" failures="0" errors="0" timestamp="2022-11-27T14:25:06" hostname="DESKTOP-NJ9L8VH" time="0.052">
  <properties/>
  <testcase name="tests()" classname="agh.ics.oop.AnimalTest" time="0.052"/>
  <system-out><![CDATA[]]></system-out>
  <system-err><![CDATA[]]></system-err>
</testsuite>
