<?xml version="1.0" encoding="UTF-8"?>
<testsuite name="agh.ics.oop.MapDirectionTest" tests="2" skipped="0" failures="0" errors="0" timestamp="2022-12-01T18:10:34" hostname="DESKTOP-NJ9L8VH" time="0.027">
  <properties/>
  <testcase name="prevCheck()" classname="agh.ics.oop.MapDirectionTest" time="0.025"/>
  <testcase name="nextCheck()" classname="agh.ics.oop.MapDirectionTest" time="0.001"/>
  <system-out><![CDATA[]]></system-out>
  <system-err><![CDATA[]]></system-err>
</testsuite>
