<?xml version="1.0" encoding="UTF-8"?>
<testsuite name="agh.ics.oop.SimulationEngineTest" tests="4" skipped="0" failures="0" errors="0" timestamp="2022-11-18T16:32:16" hostname="DESKTOP-BEPGDI2" time="0.042">
  <properties/>
  <testcase name="animalsCollision()" classname="agh.ics.oop.SimulationEngineTest" time="0.036"/>
  <testcase name="movingAnimals()" classname="agh.ics.oop.SimulationEngineTest" time="0.001"/>
  <testcase name="respAnimalsOnOccupiedPlaces()" classname="agh.ics.oop.SimulationEngineTest" time="0.002"/>
  <testcase name="steppingOutOfMapTest()" classname="agh.ics.oop.SimulationEngineTest" time="0.001"/>
  <system-out><![CDATA[]]></system-out>
  <system-err><![CDATA[]]></system-err>
</testsuite>
