<?xml version="1.0" encoding="UTF-8"?>
<testsuite name="agh.ics.oop.Vector2dTest" tests="1" skipped="0" failures="0" errors="0" timestamp="2022-10-13T10:32:30" hostname="DESKTOP-BEPGDI2" time="0.017">
  <properties/>
  <testcase name="testEquals()" classname="agh.ics.oop.Vector2dTest" time="0.017"/>
  <system-out><![CDATA[]]></system-out>
  <system-err><![CDATA[]]></system-err>
</testsuite>
