<?xml version="1.0" encoding="UTF-8"?>
<testsuite name="agh.ics.oop.OptionsParserTest" tests="2" skipped="0" failures="0" errors="0" timestamp="2022-11-30T16:50:18" hostname="DESKTOP-NJ9L8VH" time="0.028">
  <properties/>
  <testcase name="incorrectTestValues()" classname="agh.ics.oop.OptionsParserTest" time="0.025"/>
  <testcase name="correctParsing()" classname="agh.ics.oop.OptionsParserTest" time="0.002"/>
  <system-out><![CDATA[]]></system-out>
  <system-err><![CDATA[]]></system-err>
</testsuite>
