<?xml version="1.0" encoding="UTF-8"?>
<testsuite name="agh.ics.oop.AnimalTest" tests="1" skipped="0" failures="0" errors="0" timestamp="2022-12-09T18:35:55" hostname="DESKTOP-BEPGDI2" time="0.023">
  <properties/>
  <testcase name="tests()" classname="agh.ics.oop.AnimalTest" time="0.023"/>
  <system-out><![CDATA[]]></system-out>
  <system-err><![CDATA[]]></system-err>
</testsuite>
